[debug] [2020-08-21T08:05:57.978Z] ----------------------------------------------------------------------
[debug] [2020-08-21T08:05:57.981Z] Command:       C:\Program Files\nodejs\node.exe C:\Users\inouelab masters\AppData\Roaming\npm\node_modules\firebase-tools\lib\bin\firebase.js deploy --only hosting
[debug] [2020-08-21T08:05:57.981Z] CLI Version:   8.5.0
[debug] [2020-08-21T08:05:57.982Z] Platform:      win32
[debug] [2020-08-21T08:05:57.982Z] Node Version:  v12.2.0
[debug] [2020-08-21T08:05:57.983Z] Time:          Fri Aug 21 2020 17:05:57 GMT+0900 (GMT+09:00)
[debug] [2020-08-21T08:05:57.983Z] ----------------------------------------------------------------------
[debug] [2020-08-21T08:05:57.983Z] 
[debug] [2020-08-21T08:05:57.994Z] > command requires scopes: ["email","openid","https://www.googleapis.com/auth/cloudplatformprojects.readonly","https://www.googleapis.com/auth/firebase","https://www.googleapis.com/auth/cloud-platform"]
[debug] [2020-08-21T08:05:57.994Z] > authorizing via signed-in user
[debug] [2020-08-21T08:05:57.995Z] [iam] checking project ediotwebserver for permissions ["firebase.projects.get","firebasehosting.sites.update"]
[debug] [2020-08-21T08:05:57.999Z] >>> HTTP REQUEST POST https://cloudresourcemanager.googleapis.com/v1/projects/ediotwebserver:testIamPermissions  
 {"permissions":["firebase.projects.get","firebasehosting.sites.update"]}
[debug] [2020-08-21T08:05:58.709Z] <<< HTTP RESPONSE 200 {"content-type":"application/json; charset=UTF-8","vary":"X-Origin, Referer, Origin,Accept-Encoding","date":"Fri, 21 Aug 2020 08:05:58 GMT","server":"ESF","cache-control":"private","x-xss-protection":"0","x-frame-options":"SAMEORIGIN","x-content-type-options":"nosniff","server-timing":"gfet4t7; dur=578","alt-svc":"h3-29=\":443\"; ma=2592000,h3-27=\":443\"; ma=2592000,h3-T050=\":443\"; ma=2592000,h3-Q050=\":443\"; ma=2592000,h3-Q046=\":443\"; ma=2592000,h3-Q043=\":443\"; ma=2592000,quic=\":443\"; ma=2592000; v=\"46,43\"","accept-ranges":"none","transfer-encoding":"chunked"}
[debug] [2020-08-21T08:05:58.712Z] >>> HTTP REQUEST GET https://firebase.googleapis.com/v1beta1/projects/ediotwebserver  
 
[debug] [2020-08-21T08:06:07.966Z] ----------------------------------------------------------------------
[debug] [2020-08-21T08:06:07.968Z] Command:       C:\Program Files\nodejs\node.exe C:\Users\inouelab masters\AppData\Roaming\npm\node_modules\firebase-tools\lib\bin\firebase.js deploy
[debug] [2020-08-21T08:06:07.969Z] CLI Version:   8.5.0
[debug] [2020-08-21T08:06:07.969Z] Platform:      win32
[debug] [2020-08-21T08:06:07.969Z] Node Version:  v12.2.0
[debug] [2020-08-21T08:06:07.971Z] Time:          Fri Aug 21 2020 17:06:07 GMT+0900 (GMT+09:00)
[debug] [2020-08-21T08:06:07.971Z] ----------------------------------------------------------------------
[debug] [2020-08-21T08:06:07.971Z] 
[debug] [2020-08-21T08:06:07.981Z] > command requires scopes: ["email","openid","https://www.googleapis.com/auth/cloudplatformprojects.readonly","https://www.googleapis.com/auth/firebase","https://www.googleapis.com/auth/cloud-platform"]
[debug] [2020-08-21T08:06:07.982Z] > authorizing via signed-in user
[debug] [2020-08-21T08:06:07.982Z] [iam] checking project ediotwebserver for permissions ["cloudfunctions.functions.create","cloudfunctions.functions.delete","cloudfunctions.functions.get","cloudfunctions.functions.list","cloudfunctions.functions.update","cloudfunctions.operations.get","datastore.indexes.create","datastore.indexes.delete","datastore.indexes.list","datastore.indexes.update","firebase.projects.get","firebasedatabase.instances.update","firebasehosting.sites.update","firebaserules.releases.create","firebaserules.releases.update","firebaserules.rulesets.create"]
[debug] [2020-08-21T08:06:07.987Z] >>> HTTP REQUEST POST https://cloudresourcemanager.googleapis.com/v1/projects/ediotwebserver:testIamPermissions  
 {"permissions":["cloudfunctions.functions.create","cloudfunctions.functions.delete","cloudfunctions.functions.get","cloudfunctions.functions.list","cloudfunctions.functions.update","cloudfunctions.operations.get","datastore.indexes.create","datastore.indexes.delete","datastore.indexes.list","datastore.indexes.update","firebase.projects.get","firebasedatabase.instances.update","firebasehosting.sites.update","firebaserules.releases.create","firebaserules.releases.update","firebaserules.rulesets.create"]}
[debug] [2020-08-21T08:06:08.722Z] <<< HTTP RESPONSE 200 {"content-type":"application/json; charset=UTF-8","vary":"X-Origin, Referer, Origin,Accept-Encoding","date":"Fri, 21 Aug 2020 08:06:08 GMT","server":"ESF","cache-control":"private","x-xss-protection":"0","x-frame-options":"SAMEORIGIN","x-content-type-options":"nosniff","server-timing":"gfet4t7; dur=603","alt-svc":"h3-29=\":443\"; ma=2592000,h3-27=\":443\"; ma=2592000,h3-T050=\":443\"; ma=2592000,h3-Q050=\":443\"; ma=2592000,h3-Q046=\":443\"; ma=2592000,h3-Q043=\":443\"; ma=2592000,quic=\":443\"; ma=2592000; v=\"46,43\"","accept-ranges":"none","transfer-encoding":"chunked"}
[debug] [2020-08-21T08:06:08.724Z] >>> HTTP REQUEST POST https://iam.googleapis.com/v1/projects/ediotwebserver/serviceAccounts/ediotwebserver@appspot.gserviceaccount.com:testIamPermissions  
 {"permissions":["iam.serviceAccounts.actAs"]}
[debug] [2020-08-21T08:06:10.004Z] <<< HTTP RESPONSE 200 {"content-type":"application/json; charset=UTF-8","vary":"X-Origin, Referer, Origin,Accept-Encoding","date":"Fri, 21 Aug 2020 08:06:09 GMT","server":"ESF","cache-control":"private","x-xss-protection":"0","x-frame-options":"SAMEORIGIN","x-content-type-options":"nosniff","alt-svc":"h3-29=\":443\"; ma=2592000,h3-27=\":443\"; ma=2592000,h3-T050=\":443\"; ma=2592000,h3-Q050=\":443\"; ma=2592000,h3-Q046=\":443\"; ma=2592000,h3-Q043=\":443\"; ma=2592000,quic=\":443\"; ma=2592000; v=\"46,43\"","accept-ranges":"none","transfer-encoding":"chunked"}
[debug] [2020-08-21T08:06:10.006Z] >>> HTTP REQUEST GET https://firebase.googleapis.com/v1beta1/projects/ediotwebserver  
 
[debug] [2020-08-21T08:06:10.457Z] <<< HTTP RESPONSE 200 {"content-type":"application/json; charset=UTF-8","vary":"X-Origin, Referer, Origin,Accept-Encoding","date":"Fri, 21 Aug 2020 08:06:10 GMT","server":"ESF","cache-control":"private","x-xss-protection":"0","x-frame-options":"SAMEORIGIN","x-content-type-options":"nosniff","alt-svc":"h3-29=\":443\"; ma=2592000,h3-27=\":443\"; ma=2592000,h3-T050=\":443\"; ma=2592000,h3-Q050=\":443\"; ma=2592000,h3-Q046=\":443\"; ma=2592000,h3-Q043=\":443\"; ma=2592000,quic=\":443\"; ma=2592000; v=\"46,43\"","accept-ranges":"none","transfer-encoding":"chunked"}
